2025-12-09 15:59:10.751 xcodebuild[32889:10884006]  DVTFilePathFSEvents: Failed to start fs event stream.
2025-12-09 15:59:10.993 xcodebuild[32889:10884005] [MT] DVTDeveloperPaths: Failed to get length of DARWIN_USER_CACHE_DIR from confstr(3), error = Error Domain=NSPOSIXErrorDomain Code=5 "Input/output error". Using NSCachesDirectory instead.
2025-12-09 15:59:11.714 xcodebuild[32889:10884007] CoreSimulatorService connection became invalid.  Simulator services will no longer be available.
2025-12-09 15:59:11.716 xcodebuild[32889:10884081] Logging connecton invalid: <OS_xpc_error: <dictionary: 0x205802bf0> { count = 1, transaction: 0, voucher = 0x0, contents =
	"XPCErrorDescription" => <string: 0x205802d38> { length = 18, contents = "Connection invalid" }
}>
2025-12-09 15:59:11.716 xcodebuild[32889:10884081] Error opening log file (/Users/simonbakhanets/Library/Logs/CoreSimulator/CoreSimulator.com.apple.dt.xcodebuild.log): Operation not permitted
[-[SimServiceContext sendRequest:]:1867] ERROR : Unable to deliver request ({
    "developer_dir" = "/Applications/Xcode.app/Contents/Developer";
    request = "set_developer_dir";
}) because we are not connected to CoreSimulatorService.
Command line invocation:
    /Applications/Xcode.app/Contents/Developer/usr/bin/xcodebuild clean build -scheme LitNotes -destination "platform=iOS Simulator,name=iPhone 15,OS=latest"

User defaults from command line:
    IDEPackageSupportUseBuiltinSCM = YES

2025-12-09 15:59:11.790 xcodebuild[32889:10884005] [MT] DVTAssertions: Warning in DVTFrameworks/DVTFoundation/FileTypes/DVTFileDataTypeDetection.m:75
Details:  detectedTypeIdentifier (com.apple.xml-property-list) does not conform to matchedTypeIdentifier in MagicFileDataTypeDetector extenson com.apple.property-list.  When both are specified, this conformance is required. extension.identifier:Xcode.MagicFileDataTypeDetector.XMLPlist
Object:   <DVTFileDataTypeDetectionMagicCache: 0x138d38560>
Method:   -initWithExtension:
Thread:   <_NSMainThread: 0x13a6112c0>{number = 1, name = main}
Please file a bug at https://feedbackassistant.apple.com with this warning message and any useful information you can provide.
2025-12-09 15:59:11.792 xcodebuild[32889:10884005] [MT] DVTAssertions: Warning in DVTFrameworks/DVTFoundation/FileTypes/DVTFileDataTypeDetection.m:75
Details:  detectedTypeIdentifier (com.apple.binary-property-list) does not conform to matchedTypeIdentifier in MagicFileDataTypeDetector extenson com.apple.property-list.  When both are specified, this conformance is required. extension.identifier:Xcode.MagicFileDataTypeDetector.BinaryPlist
Object:   <DVTFileDataTypeDetectionMagicCache: 0x138d3aac0>
Method:   -initWithExtension:
Thread:   <_NSMainThread: 0x13a6112c0>{number = 1, name = main}
Please file a bug at https://feedbackassistant.apple.com with this warning message and any useful information you can provide.
2025-12-09 15:59:11.924 xcodebuild[32889:10884086]  DVTProvisioningProfileManager: Failed to load profile "/Users/simonbakhanets/Library/Developer/Xcode/UserData/Provisioning Profiles/9b052b1b-7ec3-4f7f-af66-bc365acf2c02.mobileprovision" (Error Domain=DVTProvisioningProfileProviderErrorDomain Code=1 "Failed to load profile." UserInfo={NSLocalizedDescription=Failed to load profile., NSLocalizedRecoverySuggestion=Profile is missing the required UUID property.})
2025-12-09 15:59:11.924 xcodebuild[32889:10884081]  DVTProvisioningProfileManager: Failed to load profile "/Users/simonbakhanets/Library/Developer/Xcode/UserData/Provisioning Profiles/9874593e-3d26-48cc-a540-e6ba09890024.mobileprovision" (Error Domain=DVTProvisioningProfileProviderErrorDomain Code=1 "Failed to load profile." UserInfo={NSLocalizedDescription=Failed to load profile., NSLocalizedRecoverySuggestion=Profile is missing the required UUID property.})
2025-12-09 15:59:11.924 xcodebuild[32889:10884085]  DVTProvisioningProfileManager: Failed to load profile "/Users/simonbakhanets/Library/Developer/Xcode/UserData/Provisioning Profiles/096cd5bc-a81a-4b4e-b207-4ed7ca4d7978.mobileprovision" (Error Domain=DVTProvisioningProfileProviderErrorDomain Code=1 "Failed to load profile." UserInfo={NSLocalizedDescription=Failed to load profile., NSLocalizedRecoverySuggestion=Profile is missing the required UUID property.})
2025-12-09 15:59:11.924 xcodebuild[32889:10884084]  DVTProvisioningProfileManager: Failed to load profile "/Users/simonbakhanets/Library/Developer/Xcode/UserData/Provisioning Profiles/2295dda8-00b8-4711-98ea-fbdd94138282.mobileprovision" (Error Domain=DVTProvisioningProfileProviderErrorDomain Code=1 "Failed to load profile." UserInfo={NSLocalizedDescription=Failed to load profile., NSLocalizedRecoverySuggestion=Profile is missing the required UUID property.})
[-[SimServiceContext initWithDeveloperDir:connectionType:error:]:497] WARN  : Unable to discover any Simulator runtimes. Developer Directory is /Applications/Xcode.app/Contents/Developer.
[-[SimDiskImageManager init]:147] ERROR : Could not kickstart simdiskimaged; SimDiskImageManager services will not be available: Error Domain=NSPOSIXErrorDomain Code=53 "Software caused connection abort" UserInfo={NSLocalizedDescription=Error returned in reply from CoreSimulatorService: Connection invalid}
[-[SimDiskImageManager _onQueue_checkConnection:]:210] ERROR : simdiskimaged returned error (invalid), marking disconnected.
[-[SimServiceContext initWithDeveloperDir:connectionType:error:]_block_invoke:533] ERROR : Could not get list of trusted mount directories: Error Domain=com.apple.CoreSimulator.SimError Code=410 "The service used to manage runtime disk images (simdiskimaged) crashed or is not responding" UserInfo={NSLocalizedDescription=The service used to manage runtime disk images (simdiskimaged) crashed or is not responding}
[-[SimDiskImageManager _onQueue_checkConnection:]:210] ERROR : simdiskimaged returned error (invalid), marking disconnected.
[-[SimServiceContext sendRequest:reply:error:]:1887] ERROR : Unable to deliver request ({
    request = "notification_subscription";
    "set_path" = "/Users/simonbakhanets/Library/Developer/CoreSimulator/Devices";
}) because we are not connected to CoreSimulatorService.
2025-12-09 15:59:11.977 xcodebuild[32889:10884007] Error Domain=NSPOSIXErrorDomain Code=61 "Connection refused" UserInfo={NSLocalizedDescription=CoreSimulatorService connection became invalid.  Simulator services will no longer be available.}
2025-12-09 15:59:11.979 xcodebuild[32889:10884007]  iOSSimulator: [SimServiceContext defaultDeviceSetWithError:] returned nil (Error Domain=NSPOSIXErrorDomain Code=61 "Connection refused" UserInfo={NSLocalizedFailureReason=Failed to subscribe to notifications from CoreSimulatorService., NSLocalizedDescription=Failed to initialize simulator device set., NSUnderlyingError=0x13f1048f0 {Error Domain=NSPOSIXErrorDomain Code=61 "Connection refused" UserInfo={NSLocalizedDescription=CoreSimulatorService connection became invalid.  Simulator services will no longer be available.}}}). Simulator device support disabled.
[-[SimServiceContext sendRequest:reply:error:]:1887] ERROR : Unable to deliver request ({
    request = "notification_subscription";
    "set_path" = "/Users/simonbakhanets/Library/Developer/CoreSimulator/Devices";
}) because we are not connected to CoreSimulatorService.
2025-12-09 15:59:11.979 xcodebuild[32889:10884006] Error Domain=NSPOSIXErrorDomain Code=61 "Connection refused" UserInfo={NSLocalizedDescription=CoreSimulatorService connection became invalid.  Simulator services will no longer be available.}
2025-12-09 15:59:11.979 xcodebuild[32889:10884006]  IDESimulatorAvailability: startObservingSimulatorUpdates() FAILED to register SimDeviceSet observer
2025-12-09 15:59:42.233 xcodebuild[32889:10884005] Writing error result bundle to /var/folders/4s/hzln87g944z52767q919q_6c0000gn/T/ResultBundle_2025-09-12_15-59-0042.xcresult
xcodebuild: error: Unable to find a device matching the provided destination specifier:
		{ platform:iOS Simulator, OS:latest, name:iPhone 15 }

	The requested device could not be found because no available devices matched the request.

	Available destinations for the "LitNotes" scheme:
		{ platform:iOS, id:dvtdevice-DVTiPhonePlaceholder-iphoneos:placeholder, name:Any iOS Device }
		{ platform:iOS Simulator, id:dvtdevice-DVTiOSDeviceSimulatorPlaceholder-iphonesimulator:placeholder, name:Any iOS Simulator Device }
